<?xml version="1.0" encoding="UTF-8"?>
<!-- Generated by org.testng.reporters.JUnitXMLReporter -->
<testsuite ignored="0" hostname="DESKTOP-L4J545I" failures="1" tests="1" name="Test1" time="0.08" errors="0" timestamp="2023-03-13T15:40:30 IST">
  <testcase classname="Practice.ICCcricket" name="cricket" time="0.017">
    <failure type="java.lang.NullPointerException" message="Cannot invoke &amp;quot;String.hashCode()&amp;quot; because &amp;quot;&amp;lt;local2&amp;gt;&amp;quot; is null">
      <![CDATA[java.lang.NullPointerException: Cannot invoke "String.hashCode()" because "<local2>" is null
at Generic_Utilities.SeleniumUtility.openBrowser(SeleniumUtility.java:36)
at Practice.ICCcricket.cricket(ICCcricket.java:21)
at java.base/java.util.ArrayList.forEach(ArrayList.java:1511)
at java.base/java.util.concurrent.FutureTask.run(FutureTask.java:264)
at java.base/java.util.concurrent.ThreadPoolExecutor.runWorker(ThreadPoolExecutor.java:1130)
at java.base/java.util.concurrent.ThreadPoolExecutor$Worker.run(ThreadPoolExecutor.java:630)
at java.base/java.lang.Thread.run(Thread.java:831)
... Removed 18 stack frames]]>
    </failure>
  </testcase> <!-- cricket -->
</testsuite> <!-- Test1 -->
