<?xml version="1.0" encoding="UTF-8"?>
<testng-results skipped="0" failed="0" ignored="0" total="2" passed="2">
  <reporter-output>
  </reporter-output>
  <suite name="Suite" duration-ms="31417" started-at="2023-03-13T12:46:15 IST" finished-at="2023-03-13T12:46:46 IST">
    <groups>
    </groups>
    <test name="Test" duration-ms="5749" started-at="2023-03-13T12:46:15 IST" finished-at="2023-03-13T12:46:20 IST">
      <class name="Practice.Flipkart">
        <test-method status="PASS" signature="fip()[pri:0, instance:Practice.Flipkart@3cb1ffe6]" name="fip" duration-ms="5698" started-at="2023-03-13T12:46:15 IST" finished-at="2023-03-13T12:46:20 IST">
          <reporter-output>
          </reporter-output>
        </test-method> <!-- fip -->
      </class> <!-- Practice.Flipkart -->
    </test> <!-- Test -->
    <test name="Test1" duration-ms="25648" started-at="2023-03-13T12:46:20 IST" finished-at="2023-03-13T12:46:46 IST">
      <class name="Practice.ICCcricket">
        <test-method status="PASS" signature="cricket()[pri:0, instance:Practice.ICCcricket@87f383f]" name="cricket" duration-ms="25639" started-at="2023-03-13T12:46:20 IST" finished-at="2023-03-13T12:46:46 IST">
          <reporter-output>
          </reporter-output>
        </test-method> <!-- cricket -->
      </class> <!-- Practice.ICCcricket -->
    </test> <!-- Test1 -->
  </suite> <!-- Suite -->
</testng-results>
